

================================================================
== Vivado HLS Report for 'bubbleSort'
================================================================
* Date:           Mon May  9 14:44:20 2022

* Version:        2018.3 (Build 2405991 on Thu Dec 06 23:56:15 MST 2018)
* Project:        HLS
* Solution:       bubbleSort
* Product family: zynq
* Target device:  xc7z020clg484-1


================================================================
== Performance Estimates
================================================================
+ Timing (ns): 
    * Summary: 
    +--------+-------+----------+------------+
    |  Clock | Target| Estimated| Uncertainty|
    +--------+-------+----------+------------+
    |ap_clk  |  10.00|     8.484|        1.25|
    +--------+-------+----------+------------+

+ Latency (clock cycles): 
    * Summary: 
    +-----+-----+-----+-----+----------+
    |  Latency  |  Interval | Pipeline |
    | min | max | min | max |   Type   |
    +-----+-----+-----+-----+----------+
    |   40|   40|   41|   41| function |
    +-----+-----+-----+-----+----------+

    + Detail: 
        * Instance: 
        N/A

        * Loop: 
        N/A



================================================================
== Utilization Estimates
================================================================
* Summary: 
+-----------------+---------+-------+--------+-------+
|       Name      | BRAM_18K| DSP48E|   FF   |  LUT  |
+-----------------+---------+-------+--------+-------+
|DSP              |        -|      -|       -|      -|
|Expression       |        -|      -|       0|    648|
|FIFO             |        -|      -|       -|      -|
|Instance         |        -|      -|       -|      -|
|Memory           |        -|      -|       -|      -|
|Multiplexer      |        -|      -|       -|   1269|
|Register         |        -|      -|    2189|      -|
+-----------------+---------+-------+--------+-------+
|Total            |        0|      0|    2189|   1917|
+-----------------+---------+-------+--------+-------+
|Available        |      280|    220|  106400|  53200|
+-----------------+---------+-------+--------+-------+
|Utilization (%)  |        0|      0|       2|      3|
+-----------------+---------+-------+--------+-------+

+ Detail: 
    * Instance: 
    N/A

    * DSP48: 
    N/A

    * Memory: 
    N/A

    * FIFO: 
    N/A

    * Expression: 
    +----------------------+----------+-------+---+----+------------+------------+
    |     Variable Name    | Operation| DSP48E| FF| LUT| Bitwidth P0| Bitwidth P1|
    +----------------------+----------+-------+---+----+------------+------------+
    |tmp_3_0_1_fu_964_p2   |   icmp   |      0|  0|  18|          32|          32|
    |tmp_3_0_2_fu_976_p2   |   icmp   |      0|  0|  18|          32|          32|
    |tmp_3_0_3_fu_982_p2   |   icmp   |      0|  0|  18|          32|          32|
    |tmp_3_0_4_fu_1012_p2  |   icmp   |      0|  0|  18|          32|          32|
    |tmp_3_0_5_fu_1018_p2  |   icmp   |      0|  0|  18|          32|          32|
    |tmp_3_0_6_fu_1048_p2  |   icmp   |      0|  0|  18|          32|          32|
    |tmp_3_0_7_fu_1078_p2  |   icmp   |      0|  0|  18|          32|          32|
    |tmp_3_1_1_fu_988_p2   |   icmp   |      0|  0|  18|          32|          32|
    |tmp_3_1_2_fu_994_p2   |   icmp   |      0|  0|  18|          32|          32|
    |tmp_3_1_3_fu_1030_p2  |   icmp   |      0|  0|  18|          32|          32|
    |tmp_3_1_4_fu_1054_p2  |   icmp   |      0|  0|  18|          32|          32|
    |tmp_3_1_5_fu_1060_p2  |   icmp   |      0|  0|  18|          32|          32|
    |tmp_3_1_6_fu_1096_p2  |   icmp   |      0|  0|  18|          32|          32|
    |tmp_3_1_fu_970_p2     |   icmp   |      0|  0|  18|          32|          32|
    |tmp_3_2_1_fu_1006_p2  |   icmp   |      0|  0|  18|          32|          32|
    |tmp_3_2_2_fu_1036_p2  |   icmp   |      0|  0|  18|          32|          32|
    |tmp_3_2_3_fu_1066_p2  |   icmp   |      0|  0|  18|          32|          32|
    |tmp_3_2_4_fu_1084_p2  |   icmp   |      0|  0|  18|          32|          32|
    |tmp_3_2_5_fu_1108_p2  |   icmp   |      0|  0|  18|          32|          32|
    |tmp_3_2_fu_1000_p2    |   icmp   |      0|  0|  18|          32|          32|
    |tmp_3_3_1_fu_1042_p2  |   icmp   |      0|  0|  18|          32|          32|
    |tmp_3_3_2_fu_1090_p2  |   icmp   |      0|  0|  18|          32|          32|
    |tmp_3_3_3_fu_1102_p2  |   icmp   |      0|  0|  18|          32|          32|
    |tmp_3_3_4_fu_1114_p2  |   icmp   |      0|  0|  18|          32|          32|
    |tmp_3_3_fu_1024_p2    |   icmp   |      0|  0|  18|          32|          32|
    |tmp_3_4_1_fu_1120_p2  |   icmp   |      0|  0|  18|          32|          32|
    |tmp_3_4_2_fu_1126_p2  |   icmp   |      0|  0|  18|          32|          32|
    |tmp_3_4_3_fu_1132_p2  |   icmp   |      0|  0|  18|          32|          32|
    |tmp_3_4_fu_1072_p2    |   icmp   |      0|  0|  18|          32|          32|
    |tmp_3_5_1_fu_1144_p2  |   icmp   |      0|  0|  18|          32|          32|
    |tmp_3_5_2_fu_1150_p2  |   icmp   |      0|  0|  18|          32|          32|
    |tmp_3_5_fu_1138_p2    |   icmp   |      0|  0|  18|          32|          32|
    |tmp_3_6_1_fu_1162_p2  |   icmp   |      0|  0|  18|          32|          32|
    |tmp_3_6_fu_1156_p2    |   icmp   |      0|  0|  18|          32|          32|
    |tmp_3_7_fu_1168_p2    |   icmp   |      0|  0|  18|          32|          32|
    |tmp_3_fu_958_p2       |   icmp   |      0|  0|  18|          32|          32|
    +----------------------+----------+-------+---+----+------------+------------+
    |Total                 |          |      0|  0| 648|        1152|        1152|
    +----------------------+----------+-------+---+----+------------+------------+

    * Multiplexer: 
    +---------------------------------------------+-----+-----------+-----+-----------+
    |                     Name                    | LUT | Input Size| Bits| Total Bits|
    +---------------------------------------------+-----+-----------+-----+-----------+
    |ap_NS_fsm                                    |  185|         42|    1|         42|
    |ap_phi_mux_p_b_read_assign_17_phi_fu_681_p4  |   15|          3|   32|         96|
    |ap_phi_mux_p_b_read_assign_25_phi_fu_850_p4  |    9|          2|   32|         64|
    |ap_phi_mux_p_b_read_assign_8_phi_fu_148_p4   |    9|          2|   32|         64|
    |ap_phi_mux_p_tmp_27_phi_fu_746_p4            |    9|          2|   32|         64|
    |ap_phi_mux_p_tmp_29_phi_fu_798_p4            |   15|          3|   32|         96|
    |ap_phi_mux_p_tmp_32_phi_fu_863_p4            |    9|          2|   32|         64|
    |inputArray_address0                          |   59|         14|    4|         56|
    |inputArray_address1                          |   56|         13|    4|         52|
    |inputArray_d0                                |  157|         35|   32|       1120|
    |inputArray_d1                                |  161|         36|   32|       1152|
    |p_b_read_assign_10_reg_484                   |    9|          2|   32|         64|
    |p_b_read_assign_11_reg_548                   |    9|          2|   32|         64|
    |p_b_read_assign_12_reg_651                   |    9|          2|   32|         64|
    |p_b_read_assign_13_reg_344                   |    9|          2|   32|         64|
    |p_b_read_assign_14_reg_383                   |    9|          2|   32|         64|
    |p_b_read_assign_15_reg_561                   |    9|          2|   32|         64|
    |p_b_read_assign_16_reg_612                   |    9|          2|   32|         64|
    |p_b_read_assign_17_reg_677                   |    9|          2|   32|         64|
    |p_b_read_assign_18_reg_510                   |    9|          2|   32|         64|
    |p_b_read_assign_19_reg_625                   |    9|          2|   32|         64|
    |p_b_read_assign_1_reg_320                    |    9|          2|   32|         64|
    |p_b_read_assign_20_reg_690                   |    9|          2|   32|         64|
    |p_b_read_assign_21_reg_716                   |    9|          2|   32|         64|
    |p_b_read_assign_22_reg_755                   |    9|          2|   32|         64|
    |p_b_read_assign_23_reg_781                   |    9|          2|   32|         64|
    |p_b_read_assign_24_reg_807                   |    9|          2|   32|         64|
    |p_b_read_assign_25_reg_846                   |    9|          2|   32|         64|
    |p_b_read_assign_26_reg_872                   |    9|          2|   32|         64|
    |p_b_read_assign_27_reg_911                   |    9|          2|   32|         64|
    |p_b_read_assign_2_reg_435                    |    9|          2|   32|         64|
    |p_b_read_assign_3_reg_472                    |    9|          2|   32|         64|
    |p_b_read_assign_4_reg_587                    |    9|          2|   32|         64|
    |p_b_read_assign_5_reg_230                    |    9|          2|   32|         64|
    |p_b_read_assign_6_reg_256                    |    9|          2|   32|         64|
    |p_b_read_assign_7_reg_370                    |    9|          2|   32|         64|
    |p_b_read_assign_8_reg_144                    |    9|          2|   32|         64|
    |p_b_read_assign_9_reg_168                    |    9|          2|   32|         64|
    |p_b_read_assign_s_reg_218                    |    9|          2|   32|         64|
    |p_tmp_10_reg_243                             |    9|          2|   32|         64|
    |p_tmp_11_reg_307                             |    9|          2|   32|         64|
    |p_tmp_12_reg_422                             |    9|          2|   32|         64|
    |p_tmp_13_reg_497                             |    9|          2|   32|         64|
    |p_tmp_14_reg_599                             |    9|          2|   32|         64|
    |p_tmp_15_reg_192                             |    9|          2|   32|         64|
    |p_tmp_16_reg_282                             |    9|          2|   32|         64|
    |p_tmp_17_reg_357                             |    9|          2|   32|         64|
    |p_tmp_18_reg_459                             |    9|          2|   32|         64|
    |p_tmp_19_reg_574                             |    9|          2|   32|         64|
    |p_tmp_1_reg_133                              |    9|          2|   32|         64|
    |p_tmp_20_reg_664                             |    9|          2|   32|         64|
    |p_tmp_21_reg_269                             |    9|          2|   32|         64|
    |p_tmp_22_reg_409                             |    9|          2|   32|         64|
    |p_tmp_23_reg_523                             |    9|          2|   32|         64|
    |p_tmp_24_reg_638                             |    9|          2|   32|         64|
    |p_tmp_25_reg_703                             |    9|          2|   32|         64|
    |p_tmp_26_reg_396                             |    9|          2|   32|         64|
    |p_tmp_27_reg_742                             |    9|          2|   32|         64|
    |p_tmp_28_reg_768                             |    9|          2|   32|         64|
    |p_tmp_29_reg_794                             |    9|          2|   32|         64|
    |p_tmp_2_reg_156                              |    9|          2|   32|         64|
    |p_tmp_30_reg_729                             |    9|          2|   32|         64|
    |p_tmp_31_reg_833                             |    9|          2|   32|         64|
    |p_tmp_32_reg_859                             |    9|          2|   32|         64|
    |p_tmp_33_reg_820                             |    9|          2|   32|         64|
    |p_tmp_34_reg_898                             |    9|          2|   32|         64|
    |p_tmp_35_reg_885                             |    9|          2|   32|         64|
    |p_tmp_3_reg_180                              |    9|          2|   32|         64|
    |p_tmp_4_reg_295                              |    9|          2|   32|         64|
    |p_tmp_5_reg_332                              |    9|          2|   32|         64|
    |p_tmp_6_reg_447                              |    9|          2|   32|         64|
    |p_tmp_7_reg_536                              |    9|          2|   32|         64|
    |p_tmp_8_reg_122                              |    9|          2|   32|         64|
    |p_tmp_9_reg_205                              |    9|          2|   32|         64|
    |reg_923                                      |    9|          2|   32|         64|
    |reg_938                                      |    9|          2|   32|         64|
    +---------------------------------------------+-----+-----------+-----+-----------+
    |Total                                        | 1269|        284| 2345|       7030|
    +---------------------------------------------+-----+-----------+-----+-----------+

    * Register: 
    +----------------------------+----+----+-----+-----------+
    |            Name            | FF | LUT| Bits| Const Bits|
    +----------------------------+----+----+-----+-----------+
    |ap_CS_fsm                   |  41|   0|   41|          0|
    |p_b_read_assign_10_reg_484  |  32|   0|   32|          0|
    |p_b_read_assign_11_reg_548  |  32|   0|   32|          0|
    |p_b_read_assign_12_reg_651  |  32|   0|   32|          0|
    |p_b_read_assign_13_reg_344  |  32|   0|   32|          0|
    |p_b_read_assign_14_reg_383  |  32|   0|   32|          0|
    |p_b_read_assign_15_reg_561  |  32|   0|   32|          0|
    |p_b_read_assign_16_reg_612  |  32|   0|   32|          0|
    |p_b_read_assign_17_reg_677  |  32|   0|   32|          0|
    |p_b_read_assign_18_reg_510  |  32|   0|   32|          0|
    |p_b_read_assign_19_reg_625  |  32|   0|   32|          0|
    |p_b_read_assign_1_reg_320   |  32|   0|   32|          0|
    |p_b_read_assign_20_reg_690  |  32|   0|   32|          0|
    |p_b_read_assign_21_reg_716  |  32|   0|   32|          0|
    |p_b_read_assign_22_reg_755  |  32|   0|   32|          0|
    |p_b_read_assign_23_reg_781  |  32|   0|   32|          0|
    |p_b_read_assign_24_reg_807  |  32|   0|   32|          0|
    |p_b_read_assign_25_reg_846  |  32|   0|   32|          0|
    |p_b_read_assign_26_reg_872  |  32|   0|   32|          0|
    |p_b_read_assign_27_reg_911  |  32|   0|   32|          0|
    |p_b_read_assign_2_reg_435   |  32|   0|   32|          0|
    |p_b_read_assign_3_reg_472   |  32|   0|   32|          0|
    |p_b_read_assign_4_reg_587   |  32|   0|   32|          0|
    |p_b_read_assign_5_reg_230   |  32|   0|   32|          0|
    |p_b_read_assign_6_reg_256   |  32|   0|   32|          0|
    |p_b_read_assign_7_reg_370   |  32|   0|   32|          0|
    |p_b_read_assign_8_reg_144   |  32|   0|   32|          0|
    |p_b_read_assign_9_reg_168   |  32|   0|   32|          0|
    |p_b_read_assign_s_reg_218   |  32|   0|   32|          0|
    |p_tmp_10_reg_243            |  32|   0|   32|          0|
    |p_tmp_11_reg_307            |  32|   0|   32|          0|
    |p_tmp_12_reg_422            |  32|   0|   32|          0|
    |p_tmp_13_reg_497            |  32|   0|   32|          0|
    |p_tmp_14_reg_599            |  32|   0|   32|          0|
    |p_tmp_15_reg_192            |  32|   0|   32|          0|
    |p_tmp_16_reg_282            |  32|   0|   32|          0|
    |p_tmp_17_reg_357            |  32|   0|   32|          0|
    |p_tmp_18_reg_459            |  32|   0|   32|          0|
    |p_tmp_19_reg_574            |  32|   0|   32|          0|
    |p_tmp_1_reg_133             |  32|   0|   32|          0|
    |p_tmp_20_reg_664            |  32|   0|   32|          0|
    |p_tmp_21_reg_269            |  32|   0|   32|          0|
    |p_tmp_22_reg_409            |  32|   0|   32|          0|
    |p_tmp_23_reg_523            |  32|   0|   32|          0|
    |p_tmp_24_reg_638            |  32|   0|   32|          0|
    |p_tmp_25_reg_703            |  32|   0|   32|          0|
    |p_tmp_26_reg_396            |  32|   0|   32|          0|
    |p_tmp_27_reg_742            |  32|   0|   32|          0|
    |p_tmp_28_reg_768            |  32|   0|   32|          0|
    |p_tmp_29_reg_794            |  32|   0|   32|          0|
    |p_tmp_2_reg_156             |  32|   0|   32|          0|
    |p_tmp_30_reg_729            |  32|   0|   32|          0|
    |p_tmp_31_reg_833            |  32|   0|   32|          0|
    |p_tmp_32_reg_859            |  32|   0|   32|          0|
    |p_tmp_33_reg_820            |  32|   0|   32|          0|
    |p_tmp_34_reg_898            |  32|   0|   32|          0|
    |p_tmp_35_reg_885            |  32|   0|   32|          0|
    |p_tmp_3_reg_180             |  32|   0|   32|          0|
    |p_tmp_4_reg_295             |  32|   0|   32|          0|
    |p_tmp_5_reg_332             |  32|   0|   32|          0|
    |p_tmp_6_reg_447             |  32|   0|   32|          0|
    |p_tmp_7_reg_536             |  32|   0|   32|          0|
    |p_tmp_8_reg_122             |  32|   0|   32|          0|
    |p_tmp_9_reg_205             |  32|   0|   32|          0|
    |reg_923                     |  32|   0|   32|          0|
    |reg_938                     |  32|   0|   32|          0|
    |reg_947                     |  32|   0|   32|          0|
    |tmp_3_0_1_reg_1196          |   1|   0|    1|          0|
    |tmp_3_0_2_reg_1210          |   1|   0|    1|          0|
    |tmp_3_0_3_reg_1220          |   1|   0|    1|          0|
    |tmp_3_0_4_reg_1245          |   1|   0|    1|          0|
    |tmp_3_0_5_reg_1255          |   1|   0|    1|          0|
    |tmp_3_0_6_reg_1281          |   1|   0|    1|          0|
    |tmp_3_0_7_reg_1306          |   1|   0|    1|          0|
    |tmp_3_1_1_reg_1229          |   1|   0|    1|          0|
    |tmp_3_1_2_reg_1233          |   1|   0|    1|          0|
    |tmp_3_1_3_reg_1269          |   1|   0|    1|          0|
    |tmp_3_1_4_reg_1285          |   1|   0|    1|          0|
    |tmp_3_1_5_reg_1294          |   1|   0|    1|          0|
    |tmp_3_1_6_reg_1318          |   1|   0|    1|          0|
    |tmp_3_1_reg_1206            |   1|   0|    1|          0|
    |tmp_3_2_1_reg_1241          |   1|   0|    1|          0|
    |tmp_3_2_2_reg_1273          |   1|   0|    1|          0|
    |tmp_3_2_3_reg_1298          |   1|   0|    1|          0|
    |tmp_3_2_4_reg_1310          |   1|   0|    1|          0|
    |tmp_3_2_5_reg_1326          |   1|   0|    1|          0|
    |tmp_3_2_reg_1237            |   1|   0|    1|          0|
    |tmp_3_3_1_reg_1277          |   1|   0|    1|          0|
    |tmp_3_3_2_reg_1314          |   1|   0|    1|          0|
    |tmp_3_3_3_reg_1322          |   1|   0|    1|          0|
    |tmp_3_3_4_reg_1330          |   1|   0|    1|          0|
    |tmp_3_3_reg_1265            |   1|   0|    1|          0|
    |tmp_3_4_1_reg_1334          |   1|   0|    1|          0|
    |tmp_3_4_2_reg_1338          |   1|   0|    1|          0|
    |tmp_3_4_3_reg_1342          |   1|   0|    1|          0|
    |tmp_3_4_reg_1302            |   1|   0|    1|          0|
    |tmp_3_5_1_reg_1350          |   1|   0|    1|          0|
    |tmp_3_5_2_reg_1354          |   1|   0|    1|          0|
    |tmp_3_5_reg_1346            |   1|   0|    1|          0|
    |tmp_3_6_1_reg_1362          |   1|   0|    1|          0|
    |tmp_3_6_reg_1358            |   1|   0|    1|          0|
    |tmp_3_7_reg_1366            |   1|   0|    1|          0|
    |tmp_3_reg_1186              |   1|   0|    1|          0|
    +----------------------------+----+----+-----+-----------+
    |Total                       |2189|   0| 2189|          0|
    +----------------------------+----+----+-----+-----------+



================================================================
== Interface
================================================================
* Summary: 
+---------------------+-----+-----+------------+--------------+--------------+
|      RTL Ports      | Dir | Bits|  Protocol  | Source Object|    C Type    |
+---------------------+-----+-----+------------+--------------+--------------+
|ap_clk               |  in |    1| ap_ctrl_hs |  bubbleSort  | return value |
|ap_rst               |  in |    1| ap_ctrl_hs |  bubbleSort  | return value |
|ap_start             |  in |    1| ap_ctrl_hs |  bubbleSort  | return value |
|ap_done              | out |    1| ap_ctrl_hs |  bubbleSort  | return value |
|ap_idle              | out |    1| ap_ctrl_hs |  bubbleSort  | return value |
|ap_ready             | out |    1| ap_ctrl_hs |  bubbleSort  | return value |
|inputArray_address0  | out |    4|  ap_memory |  inputArray  |     array    |
|inputArray_ce0       | out |    1|  ap_memory |  inputArray  |     array    |
|inputArray_we0       | out |    1|  ap_memory |  inputArray  |     array    |
|inputArray_d0        | out |   32|  ap_memory |  inputArray  |     array    |
|inputArray_q0        |  in |   32|  ap_memory |  inputArray  |     array    |
|inputArray_address1  | out |    4|  ap_memory |  inputArray  |     array    |
|inputArray_ce1       | out |    1|  ap_memory |  inputArray  |     array    |
|inputArray_we1       | out |    1|  ap_memory |  inputArray  |     array    |
|inputArray_d1        | out |   32|  ap_memory |  inputArray  |     array    |
|inputArray_q1        |  in |   32|  ap_memory |  inputArray  |     array    |
+---------------------+-----+-----+------------+--------------+--------------+

